#
# There is insufficient memory for the Java Runtime Environment to continue.
# Native memory allocation (malloc) failed to allocate 1698576 bytes for Chunk::new
# Possible reasons:
#   The system is out of physical RAM or swap space
#   In 32 bit mode, the process size limit was hit
# Possible solutions:
#   Reduce memory load on the system
#   Increase physical memory or swap space
#   Check if swap backing store is full
#   Use 64 bit Java on a 64 bit OS
#   Decrease Java heap size (-Xmx/-Xms)
#   Decrease number of Java threads
#   Decrease Java thread stack sizes (-Xss)
#   Set larger code cache with -XX:ReservedCodeCacheSize=
# This output file may be truncated or incomplete.
#
#  Out of Memory Error (allocation.cpp:390), pid=8208, tid=556
#
# JRE version: Java(TM) SE Runtime Environment (8.0_66-b17) (build 1.8.0_66-b17)
# Java VM: Java HotSpot(TM) 64-Bit Server VM (25.66-b17 mixed mode windows-amd64 compressed oops)
# Failed to write core dump. Minidumps are not enabled by default on client versions of Windows
#

---------------  T H R E A D  ---------------

Current thread (0x0000000014adb000):  JavaThread "C2 CompilerThread1" daemon [_thread_in_native, id=556, stack(0x0000000016230000,0x0000000016330000)]

Stack: [0x0000000016230000,0x0000000016330000]
[error occurred during error reporting (printing stack bounds), id 0xc0000005]

Native frames: (J=compiled Java code, j=interpreted, Vv=VM code, C=native code)


Current CompileTask:
C2:   3823 1512   !   4       java.net.URLClassLoader$1::run (63 bytes)


---------------  P R O C E S S  ---------------

Java Threads: ( => current thread )
  0x000000001760c800 JavaThread "Stdin handler" [_thread_blocked, id=80, stack(0x0000000018d40000,0x0000000018e40000)]
  0x0000000017790800 JavaThread "Daemon worker" [_thread_in_Java, id=892, stack(0x0000000018c40000,0x0000000018d40000)]
  0x000000001778d800 JavaThread "Cancel handler" [_thread_blocked, id=8408, stack(0x0000000018b40000,0x0000000018c40000)]
  0x000000001754d000 JavaThread "Handler for socket connection from /127.0.0.1:59104 to /127.0.0.1:59106" [_thread_in_native, id=3880, stack(0x0000000018a40000,0x0000000018b40000)]
  0x000000001754c000 JavaThread "Daemon" [_thread_blocked, id=1756, stack(0x0000000018940000,0x0000000018a40000)]
  0x00000000175a0000 JavaThread "Incoming local TCP Connector on port 59104" [_thread_in_native, id=1440, stack(0x0000000018540000,0x0000000018640000)]
  0x000000001645c800 JavaThread "Service Thread" daemon [_thread_blocked, id=3580, stack(0x0000000016830000,0x0000000016930000)]
  0x0000000014ae1800 JavaThread "C1 CompilerThread2" daemon [_thread_in_native, id=7332, stack(0x0000000016330000,0x0000000016430000)]
=>0x0000000014adb000 JavaThread "C2 CompilerThread1" daemon [_thread_in_native, id=556, stack(0x0000000016230000,0x0000000016330000)]
  0x0000000014ae9000 JavaThread "C2 CompilerThread0" daemon [_thread_in_native, id=2928, stack(0x0000000016130000,0x0000000016230000)]
  0x0000000014ae6800 JavaThread "Attach Listener" daemon [_thread_blocked, id=3148, stack(0x0000000016030000,0x0000000016130000)]
  0x0000000014ae5800 JavaThread "Signal Dispatcher" daemon [_thread_blocked, id=7480, stack(0x0000000015f30000,0x0000000016030000)]
  0x0000000002406800 JavaThread "Finalizer" daemon [_thread_blocked, id=4216, stack(0x0000000015d30000,0x0000000015e30000)]
  0x00000000023fe000 JavaThread "Reference Handler" daemon [_thread_blocked, id=8464, stack(0x0000000015c30000,0x0000000015d30000)]
  0x000000000230d800 JavaThread "main" [_thread_blocked, id=4744, stack(0x0000000002130000,0x0000000002230000)]

Other Threads:
  0x0000000014aa7800 VMThread [stack: 0x0000000015b30000,0x0000000015c30000] [id=6372]
  0x0000000016465000 WatcherThread [stack: 0x0000000016930000,0x0000000016a30000] [id=9664]

VM state:not at safepoint (normal execution)

VM Mutex/Monitor currently owned by a thread: None

Heap:
 PSYoungGen      total 18944K, used 10919K [0x00000000eab00000, 0x00000000ed800000, 0x0000000100000000)
  eden space 16384K, 51% used [0x00000000eab00000,0x00000000eb32de68,0x00000000ebb00000)
  from space 2560K, 99% used [0x00000000ebb00000,0x00000000ebd7c030,0x00000000ebd80000)
  to   space 6656K, 0% used [0x00000000ed180000,0x00000000ed180000,0x00000000ed800000)
 ParOldGen       total 44032K, used 7950K [0x00000000c0000000, 0x00000000c2b00000, 0x00000000eab00000)
  object space 44032K, 18% used [0x00000000c0000000,0x00000000c07c38a8,0x00000000c2b00000)
 Metaspace       used 18138K, capacity 18450K, committed 18560K, reserved 1064960K
  class space    used 2468K, capacity 2589K, committed 2688K, reserved 1048576K

Card table byte_map: [0x00000000117d0000,0x00000000119e0000] byte_map_base: 0x00000000111d0000

Marking Bits: (ParMarkBitMap*) 0x000000006cd0a5b0
 Begin Bits: [0x0000000011f40000, 0x0000000012f40000)
 End Bits:   [0x0000000012f40000, 0x0000000013f40000)

Polling page: 0x0000000002070000

CodeCache: size=245760Kb used=5114Kb max_used=5114Kb free=240645Kb
 bounds [0x0000000002410000, 0x0000000002920000, 0x0000000011410000]
 total_blobs=1905 nmethods=1527 adapters=290
 compilation: enabled

Compilation events (10 events):
Event: 3.810 Thread 0x0000000014ae1800 1529       3       org.codehaus.groovy.runtime.metaclass.MetaMethodIndex::copyNonPrivateMethods (149 bytes)
Event: 3.811 Thread 0x0000000014ae1800 nmethod 1529 0x000000000290c510 code [0x000000000290c740, 0x000000000290d498]
Event: 3.811 Thread 0x0000000014ae1800 1530       3       org.codehaus.groovy.runtime.metaclass.MetaMethodIndex::copyNonPrivateNonNewMetaMethods (171 bytes)
Event: 3.813 Thread 0x0000000014ae1800 nmethod 1530 0x000000000290d9d0 code [0x000000000290dc20, 0x000000000290ec18]
Event: 3.813 Thread 0x0000000014ae1800 1533       3       groovy.lang.MetaClassImpl$1MOPIter::decomposeMopName (79 bytes)
Event: 3.814 Thread 0x0000000014ae1800 nmethod 1533 0x000000000290f150 code [0x000000000290f360, 0x0000000002910388]
Event: 3.814 Thread 0x0000000014ae1800 1531       3       org.codehaus.groovy.runtime.metaclass.MetaMethodIndex::isNonRealMethod (55 bytes)
Event: 3.815 Thread 0x0000000014ae1800 nmethod 1531 0x0000000002910910 code [0x0000000002910ac0, 0x0000000002911450]
Event: 3.815 Thread 0x0000000014ae1800 1532       1       org.codehaus.groovy.util.ComplexKeyHashMap$Entry::getValue (5 bytes)
Event: 3.815 Thread 0x0000000014ae1800 nmethod 1532 0x0000000002902610 code [0x0000000002902760, 0x0000000002902870]

GC Heap History (10 events):
Event: 1.010 GC heap before
{Heap before GC invocations=1 (full 0):
 PSYoungGen      total 18944K, used 16384K [0x00000000eab00000, 0x00000000ec000000, 0x0000000100000000)
  eden space 16384K, 100% used [0x00000000eab00000,0x00000000ebb00000,0x00000000ebb00000)
  from space 2560K, 0% used [0x00000000ebd80000,0x00000000ebd80000,0x00000000ec000000)
  to   space 2560K, 0% used [0x00000000ebb00000,0x00000000ebb00000,0x00000000ebd80000)
 ParOldGen       total 44032K, used 0K [0x00000000c0000000, 0x00000000c2b00000, 0x00000000eab00000)
  object space 44032K, 0% used [0x00000000c0000000,0x00000000c0000000,0x00000000c2b00000)
 Metaspace       used 5767K, capacity 6084K, committed 6272K, reserved 1056768K
  class space    used 735K, capacity 796K, committed 896K, reserved 1048576K
Event: 1.016 GC heap after
Heap after GC invocations=1 (full 0):
 PSYoungGen      total 18944K, used 2530K [0x00000000eab00000, 0x00000000ec000000, 0x0000000100000000)
  eden space 16384K, 0% used [0x00000000eab00000,0x00000000eab00000,0x00000000ebb00000)
  from space 2560K, 98% used [0x00000000ebb00000,0x00000000ebd78af8,0x00000000ebd80000)
  to   space 2560K, 0% used [0x00000000ebd80000,0x00000000ebd80000,0x00000000ec000000)
 ParOldGen       total 44032K, used 381K [0x00000000c0000000, 0x00000000c2b00000, 0x00000000eab00000)
  object space 44032K, 0% used [0x00000000c0000000,0x00000000c005f740,0x00000000c2b00000)
 Metaspace       used 5767K, capacity 6084K, committed 6272K, reserved 1056768K
  class space    used 735K, capacity 796K, committed 896K, reserved 1048576K
}
Event: 1.488 GC heap before
{Heap before GC invocations=2 (full 0):
 PSYoungGen      total 18944K, used 18914K [0x00000000eab00000, 0x00000000ec000000, 0x0000000100000000)
  eden space 16384K, 100% used [0x00000000eab00000,0x00000000ebb00000,0x00000000ebb00000)
  from space 2560K, 98% used [0x00000000ebb00000,0x00000000ebd78af8,0x00000000ebd80000)
  to   space 2560K, 0% used [0x00000000ebd80000,0x00000000ebd80000,0x00000000ec000000)
 ParOldGen       total 44032K, used 381K [0x00000000c0000000, 0x00000000c2b00000, 0x00000000eab00000)
  object space 44032K, 0% used [0x00000000c0000000,0x00000000c005f740,0x00000000c2b00000)
 Metaspace       used 6861K, capacity 7022K, committed 7168K, reserved 1056768K
  class space    used 878K, capacity 934K, committed 1024K, reserved 1048576K
Event: 1.493 GC heap after
Heap after GC invocations=2 (full 0):
 PSYoungGen      total 18944K, used 2550K [0x00000000eab00000, 0x00000000ec000000, 0x0000000100000000)
  eden space 16384K, 0% used [0x00000000eab00000,0x00000000eab00000,0x00000000ebb00000)
  from space 2560K, 99% used [0x00000000ebd80000,0x00000000ebffda38,0x00000000ec000000)
  to   space 2560K, 0% used [0x00000000ebb00000,0x00000000ebb00000,0x00000000ebd80000)
 ParOldGen       total 44032K, used 565K [0x00000000c0000000, 0x00000000c2b00000, 0x00000000eab00000)
  object space 44032K, 1% used [0x00000000c0000000,0x00000000c008d520,0x00000000c2b00000)
 Metaspace       used 6861K, capacity 7022K, committed 7168K, reserved 1056768K
  class space    used 878K, capacity 934K, committed 1024K, reserved 1048576K
}
Event: 2.586 GC heap before
{Heap before GC invocations=3 (full 0):
 PSYoungGen      total 18944K, used 18934K [0x00000000eab00000, 0x00000000ec000000, 0x0000000100000000)
  eden space 16384K, 100% used [0x00000000eab00000,0x00000000ebb00000,0x00000000ebb00000)
  from space 2560K, 99% used [0x00000000ebd80000,0x00000000ebffda38,0x00000000ec000000)
  to   space 2560K, 0% used [0x00000000ebb00000,0x00000000ebb00000,0x00000000ebd80000)
 ParOldGen       total 44032K, used 565K [0x00000000c0000000, 0x00000000c2b00000, 0x00000000eab00000)
  object space 44032K, 1% used [0x00000000c0000000,0x00000000c008d520,0x00000000c2b00000)
 Metaspace       used 11116K, capacity 11500K, committed 11648K, reserved 1058816K
  class space    used 1471K, capacity 1595K, committed 1664K, reserved 1048576K
Event: 2.595 GC heap after
Heap after GC invocations=3 (full 0):
 PSYoungGen      total 18944K, used 2560K [0x00000000eab00000, 0x00000000ec000000, 0x0000000100000000)
  eden space 16384K, 0% used [0x00000000eab00000,0x00000000eab00000,0x00000000ebb00000)
  from space 2560K, 100% used [0x00000000ebb00000,0x00000000ebd80000,0x00000000ebd80000)
  to   space 2560K, 0% used [0x00000000ebd80000,0x00000000ebd80000,0x00000000ec000000)
 ParOldGen       total 44032K, used 2385K [0x00000000c0000000, 0x00000000c2b00000, 0x00000000eab00000)
  object space 44032K, 5% used [0x00000000c0000000,0x00000000c0254590,0x00000000c2b00000)
 Metaspace       used 11116K, capacity 11500K, committed 11648K, reserved 1058816K
  class space    used 1471K, capacity 1595K, committed 1664K, reserved 1048576K
}
Event: 3.040 GC heap before
{Heap before GC invocations=4 (full 0):
 PSYoungGen      total 18944K, used 18944K [0x00000000eab00000, 0x00000000ec000000, 0x0000000100000000)
  eden space 16384K, 100% used [0x00000000eab00000,0x00000000ebb00000,0x00000000ebb00000)
  from space 2560K, 100% used [0x00000000ebb00000,0x00000000ebd80000,0x00000000ebd80000)
  to   space 2560K, 0% used [0x00000000ebd80000,0x00000000ebd80000,0x00000000ec000000)
 ParOldGen       total 44032K, used 2385K [0x00000000c0000000, 0x00000000c2b00000, 0x00000000eab00000)
  object space 44032K, 5% used [0x00000000c0000000,0x00000000c0254590,0x00000000c2b00000)
 Metaspace       used 13452K, capacity 13804K, committed 13952K, reserved 1060864K
  class space    used 1775K, capacity 1915K, committed 1920K, reserved 1048576K
Event: 3.048 GC heap after
Heap after GC invocations=4 (full 0):
 PSYoungGen      total 18944K, used 2528K [0x00000000eab00000, 0x00000000ed000000, 0x0000000100000000)
  eden space 16384K, 0% used [0x00000000eab00000,0x00000000eab00000,0x00000000ebb00000)
  from space 2560K, 98% used [0x00000000ebd80000,0x00000000ebff8020,0x00000000ec000000)
  to   space 2560K, 0% used [0x00000000ebb00000,0x00000000ebb00000,0x00000000ebd80000)
 ParOldGen       total 44032K, used 5025K [0x00000000c0000000, 0x00000000c2b00000, 0x00000000eab00000)
  object space 44032K, 11% used [0x00000000c0000000,0x00000000c04e85b8,0x00000000c2b00000)
 Metaspace       used 13452K, capacity 13804K, committed 13952K, reserved 1060864K
  class space    used 1775K, capacity 1915K, committed 1920K, reserved 1048576K
}
Event: 3.458 GC heap before
{Heap before GC invocations=5 (full 0):
 PSYoungGen      total 18944K, used 18912K [0x00000000eab00000, 0x00000000ed000000, 0x0000000100000000)
  eden space 16384K, 100% used [0x00000000eab00000,0x00000000ebb00000,0x00000000ebb00000)
  from space 2560K, 98% used [0x00000000ebd80000,0x00000000ebff8020,0x00000000ec000000)
  to   space 2560K, 0% used [0x00000000ebb00000,0x00000000ebb00000,0x00000000ebd80000)
 ParOldGen       total 44032K, used 5025K [0x00000000c0000000, 0x00000000c2b00000, 0x00000000eab00000)
  object space 44032K, 11% used [0x00000000c0000000,0x00000000c04e85b8,0x00000000c2b00000)
 Metaspace       used 16796K, capacity 17132K, committed 17280K, reserved 1064960K
  class space    used 2247K, capacity 2363K, committed 2432K, reserved 1048576K
Event: 3.469 GC heap after
Heap after GC invocations=5 (full 0):
 PSYoungGen      total 18944K, used 2544K [0x00000000eab00000, 0x00000000ed800000, 0x0000000100000000)
  eden space 16384K, 0% used [0x00000000eab00000,0x00000000eab00000,0x00000000ebb00000)
  from space 2560K, 99% used [0x00000000ebb00000,0x00000000ebd7c030,0x00000000ebd80000)
  to   space 6656K, 0% used [0x00000000ed180000,0x00000000ed180000,0x00000000ed800000)
 ParOldGen       total 44032K, used 7950K [0x00000000c0000000, 0x00000000c2b00000, 0x00000000eab00000)
  object space 44032K, 18% used [0x00000000c0000000,0x00000000c07c38a8,0x00000000c2b00000)
 Metaspace       used 16796K, capacity 17132K, committed 17280K, reserved 1064960K
  class space    used 2247K, capacity 2363K, committed 2432K, reserved 1048576K
}

Deoptimization events (10 events):
Event: 3.216 Thread 0x0000000017790800 Uncommon trap: reason=unstable_if action=reinterpret pc=0x00000000026a4278 method=java.util.HashMap.getNode(ILjava/lang/Object;)Ljava/util/HashMap$Node; @ 129
Event: 3.218 Thread 0x0000000017790800 Uncommon trap: reason=bimorphic action=maybe_recompile pc=0x00000000028243dc method=java.util.HashMap.putVal(ILjava/lang/Object;Ljava/lang/Object;ZZ)Ljava/lang/Object; @ 203
Event: 3.529 Thread 0x0000000017790800 Uncommon trap: reason=class_check action=maybe_recompile pc=0x00000000028cf274 method=org.gradle.internal.service.DefaultServiceRegistry$SingletonService.getService(Lorg/gradle/internal/service/DefaultServiceRegistry$LookupContext;Lorg/gradle/internal/servpàŒX;@
Event: 3.529 Thread 0x0000000017790800 Uncommon trap: reason=class_check action=maybe_recompile pc=0x00000000028cf274 method=org.gradle.internal.service.DefaultServiceRegistry$SingletonService.getService(Lorg/gradle/internal/service/DefaultServiceRegistry$LookupContext;Lorg/gradle/internal/servÂ¹ j;@
Event: 3.529 Thread 0x0000000017790800 Uncommon trap: reason=class_check action=maybe_recompile pc=0x00000000028cf274 method=org.gradle.internal.service.DefaultServiceRegistry$SingletonService.getService(Lorg/gradle/internal/service/DefaultServiceRegistry$LookupContext;Lorg/gradle/internal/servØ,½1y;@
Event: 3.529 Thread 0x0000000017790800 Uncommon trap: reason=class_check action=maybe_recompile pc=0x00000000028cf274 method=org.gradle.internal.service.DefaultServiceRegistry$SingletonService.getService(Lorg/gradle/internal/service/DefaultServiceRegistry$LookupContext;Lorg/gradle/internal/serv‹'ßïü@
Event: 3.624 Thread 0x0000000017790800 Uncommon trap: reason=unstable_if action=reinterpret pc=0x00000000026aa52c method=java.lang.AbstractStringBuilder.append(Ljava/lang/String;)Ljava/lang/AbstractStringBuilder; @ 1
Event: 3.625 Thread 0x0000000017790800 Uncommon trap: reason=unstable_if action=reinterpret pc=0x0000000002689d98 method=java.lang.AbstractStringBuilder.append(Ljava/lang/String;)Ljava/lang/AbstractStringBuilder; @ 1
Event: 3.804 Thread 0x0000000017790800 Uncommon trap: reason=class_check action=maybe_recompile pc=0x00000000025f194c method=sun.misc.URLClassPath.getLoader(I)Lsun/misc/URLClassPath$Loader; @ 94
Event: 3.804 Thread 0x0000000017790800 Uncommon trap: reason=class_check action=maybe_recompile pc=0x00000000026dd32c method=sun.misc.URLClassPath.getResource(Ljava/lang/String;Z)Lsun/misc/Resource; @ 62

Internal exceptions (10 events):
Event: 3.189 Thread 0x0000000017790800 Exception <a 'java/lang/ClassNotFoundException': groovy/lang/MetaClassImplCustomizer> (0x00000000eaf78b60) thrown at [C:\re\workspace\8-2-build-windows-amd64-cygwin\jdk8u66\4988\hotspot\src\share\vm\classfile\systemDictionary.cpp, line 210]
Event: 3.193 Thread 0x0000000017790800 Exception <a 'java/lang/ClassNotFoundException': groovy/lang/ExpandoMetaClassCustomizer> (0x00000000eafac368) thrown at [C:\re\workspace\8-2-build-windows-amd64-cygwin\jdk8u66\4988\hotspot\src\share\vm\classfile\systemDictionary.cpp, line 210]
Event: 3.208 Thread 0x0000000017790800 Exception <a 'java/lang/ClassNotFoundException': org/gradle/api/internal/plugins/DefaultExtraPropertiesExtensionBeanInfo> (0x00000000eb02be40) thrown at [C:\re\workspace\8-2-build-windows-amd64-cygwin\jdk8u66\4988\hotspot\src\share\vm\classfile\systemDicti<#8«	@
Event: 3.209 Thread 0x0000000017790800 Exception <a 'java/lang/ClassNotFoundException': groovy/lang/GroovyObjectSupportBeanInfo> (0x00000000eb037798) thrown at [C:\re\workspace\8-2-build-windows-amd64-cygwin\jdk8u66\4988\hotspot\src\share\vm\classfile\systemDictionary.cpp, line 210]
Event: 3.209 Thread 0x0000000017790800 Exception <a 'java/lang/ClassNotFoundException': groovy/lang/GroovyObjectSupportCustomizer> (0x00000000eb043458) thrown at [C:\re\workspace\8-2-build-windows-amd64-cygwin\jdk8u66\4988\hotspot\src\share\vm\classfile\systemDictionary.cpp, line 210]
Event: 3.210 Thread 0x0000000017790800 Exception <a 'java/lang/ClassNotFoundException': org/gradle/api/internal/plugins/DefaultExtraPropertiesExtensionCustomizer> (0x00000000eb0590e0) thrown at [C:\re\workspace\8-2-build-windows-amd64-cygwin\jdk8u66\4988\hotspot\src\share\vm\classfile\systemDic÷,ïÛÜü@
Event: 3.623 Thread 0x0000000017790800 Implicit null exception at 0x00000000026aa1d6 to 0x00000000026aa515
Event: 3.625 Thread 0x0000000017790800 Implicit null exception at 0x0000000002689a56 to 0x0000000002689d81
Event: 3.812 Thread 0x0000000017790800 Exception <a 'java/lang/ClassNotFoundException': groovy/lang/BindingBeanInfo> (0x00000000eb2c2fa0) thrown at [C:\re\workspace\8-2-build-windows-amd64-cygwin\jdk8u66\4988\hotspot\src\share\vm\classfile\systemDictionary.cpp, line 210]
Event: 3.812 Thread 0x0000000017790800 Exception <a 'java/lang/ClassNotFoundException': groovy/lang/BindingCustomizer> (0x00000000eb2cd068) thrown at [C:\re\workspace\8-2-build-windows-amd64-cygwin\jdk8u66\4988\hotspot\src\share\vm\classfile\systemDictionary.cpp, line 210]

Events (10 events):
Event: 3.817 loading class org/gradle/api/file/DirectoryTree
Event: 3.817 loading class org/gradle/api/file/DirectoryTree done
Event: 3.818 loading class org/gradle/api/tasks/util/PatternFilterable
Event: 3.818 loading class org/gradle/api/tasks/util/PatternFilterable done
Event: 3.819 loading class org/gradle/api/file/CopySpec
Event: 3.819 loading class org/gradle/api/file/CopySpec done
Event: 3.819 loading class org/gradle/api/file/CopySourceSpec
Event: 3.819 loading class org/gradle/api/file/CopySourceSpec done
Event: 3.820 loading class org/gradle/api/file/CopyProcessingSpec
Event: 3.820 loading class org/gradle/api/file/CopyProcessingSpec done


Dynamic libraries:
0x00007ff784b20000 - 0x00007ff784b57000 	C:\Program Files\Java\jdk1.8.0_66\bin\java.exe
0x00007ffd48460000 - 0x00007ffd48621000 	C:\WINDOWS\SYSTEM32\ntdll.dll
0x00007ffd48290000 - 0x00007ffd4833d000 	C:\WINDOWS\system32\KERNEL32.DLL
0x00007ffd44c50000 - 0x00007ffd44e38000 	C:\WINDOWS\system32\KERNELBASE.dll
0x00007ffd466d0000 - 0x00007ffd46777000 	C:\WINDOWS\system32\ADVAPI32.dll
0x00007ffd46630000 - 0x00007ffd466cd000 	C:\WINDOWS\system32\msvcrt.dll
0x00007ffd460c0000 - 0x00007ffd4611b000 	C:\WINDOWS\system32\sechost.dll
0x00007ffd48340000 - 0x00007ffd4845c000 	C:\WINDOWS\system32\RPCRT4.dll
0x00007ffd48130000 - 0x00007ffd48286000 	C:\WINDOWS\system32\USER32.dll
0x00007ffd45ed0000 - 0x00007ffd46056000 	C:\WINDOWS\system32\GDI32.dll
0x00007ffd39b10000 - 0x00007ffd39d84000 	C:\WINDOWS\WinSxS\amd64_microsoft.windows.common-controls_6595b64144ccf1df_6.0.10586.0_none_8c15ae12515e1c22\COMCTL32.dll
0x00007ffd45a40000 - 0x00007ffd45cbd000 	C:\WINDOWS\system32\combase.dll
0x00007ffd44e40000 - 0x00007ffd44eaa000 	C:\WINDOWS\system32\bcryptPrimitives.dll
0x00007ffd45880000 - 0x00007ffd458bb000 	C:\WINDOWS\system32\IMM32.DLL
0x000000006bfa0000 - 0x000000006c072000 	C:\Program Files\Java\jdk1.8.0_66\jre\bin\msvcr100.dll
0x000000006c500000 - 0x000000006cd89000 	C:\Program Files\Java\jdk1.8.0_66\jre\bin\server\jvm.dll
0x00007ffd46930000 - 0x00007ffd46938000 	C:\WINDOWS\system32\PSAPI.DLL
0x00007ffd43150000 - 0x00007ffd43173000 	C:\WINDOWS\SYSTEM32\WINMM.dll
0x00007ffd37490000 - 0x00007ffd3749a000 	C:\WINDOWS\SYSTEM32\VERSION.dll
0x00007ffd3ee90000 - 0x00007ffd3ee99000 	C:\WINDOWS\SYSTEM32\WSOCK32.dll
0x00007ffd46120000 - 0x00007ffd4618b000 	C:\WINDOWS\system32\WS2_32.dll
0x0000000002040000 - 0x000000000206c000 	C:\WINDOWS\SYSTEM32\WINMMBASE.dll
0x00007ffd45810000 - 0x00007ffd45853000 	C:\WINDOWS\system32\cfgmgr32.dll
0x000000006c410000 - 0x000000006c41f000 	C:\Program Files\Java\jdk1.8.0_66\jre\bin\verify.dll
0x000000006c3e0000 - 0x000000006c409000 	C:\Program Files\Java\jdk1.8.0_66\jre\bin\java.dll
0x000000006c3c0000 - 0x000000006c3d6000 	C:\Program Files\Java\jdk1.8.0_66\jre\bin\zip.dll
0x00007ffd46b70000 - 0x00007ffd480cc000 	C:\WINDOWS\system32\SHELL32.dll
0x00007ffd44f60000 - 0x00007ffd455a5000 	C:\WINDOWS\system32\windows.storage.dll
0x00007ffd46060000 - 0x00007ffd460b2000 	C:\WINDOWS\system32\shlwapi.dll
0x00007ffd44af0000 - 0x00007ffd44aff000 	C:\WINDOWS\system32\kernel.appcore.dll
0x00007ffd44b90000 - 0x00007ffd44c45000 	C:\WINDOWS\system32\shcore.dll
0x00007ffd44aa0000 - 0x00007ffd44aeb000 	C:\WINDOWS\system32\powrprof.dll
0x00007ffd44a80000 - 0x00007ffd44a94000 	C:\WINDOWS\system32\profapi.dll
0x000000006c3a0000 - 0x000000006c3ba000 	C:\Program Files\Java\jdk1.8.0_66\jre\bin\net.dll
0x00007ffd443b0000 - 0x00007ffd4440c000 	C:\WINDOWS\system32\mswsock.dll
0x000000006c380000 - 0x000000006c391000 	C:\Program Files\Java\jdk1.8.0_66\jre\bin\nio.dll
0x00007ffd335f0000 - 0x00007ffd33602000 	C:\Users\ok4r-\.gradle\native\19\windows-amd64\native-platform.dll
0x00007ffd3ff30000 - 0x00007ffd3ff68000 	C:\WINDOWS\SYSTEM32\IPHLPAPI.DLL
0x00007ffd45ec0000 - 0x00007ffd45ec8000 	C:\WINDOWS\system32\NSI.dll
0x00007ffd3fb10000 - 0x00007ffd3fb26000 	C:\WINDOWS\SYSTEM32\dhcpcsvc6.DLL
0x00007ffd3fdf0000 - 0x00007ffd3fe0a000 	C:\WINDOWS\SYSTEM32\dhcpcsvc.DLL
0x00007ffd44460000 - 0x00007ffd44477000 	C:\WINDOWS\SYSTEM32\CRYPTSP.dll
0x00007ffd440f0000 - 0x00007ffd44124000 	C:\WINDOWS\system32\rsaenh.dll
0x00007ffd44680000 - 0x00007ffd446a9000 	C:\WINDOWS\SYSTEM32\bcrypt.dll
0x00007ffd44240000 - 0x00007ffd4425f000 	C:\WINDOWS\SYSTEM32\USERENV.dll
0x00007ffd44580000 - 0x00007ffd4458b000 	C:\WINDOWS\SYSTEM32\CRYPTBASE.dll

VM Arguments:
jvm_args: -XX:MaxPermSize=256m -XX:+HeapDumpOnOutOfMemoryError -Xmx1024m -Dfile.encoding=windows-1252 -Duser.country=ES -Duser.language=es -Duser.variant 
java_command: org.gradle.launcher.daemon.bootstrap.GradleDaemon 2.8
java_class_path (initial): C:\Program Files\Android\Android Studio\gradle\gradle-2.8\lib\gradle-launcher-2.8.jar
Launcher Type: SUN_STANDARD

Environment Variables:
PATH=C:\ProgramData\Oracle\Java\javapath;C:\WINDOWS\system32;C:\WINDOWS;C:\WINDOWS\System32\Wbem;C:\WINDOWS\System32\WindowsPowerShell\v1.0\
USERNAME=ok4r-
OS=Windows_NT
PROCESSOR_IDENTIFIER=Intel64 Family 6 Model 58 Stepping 9, GenuineIntel



---------------  S Y S T E M  ---------------

OS: Windows 10.0 , 64 bit Build 10586 (10.0.10586.0)

CPU:total 4 (2 cores per cpu, 2 threads per core) family 6 model 58 stepping 9, cmov, cx8, fxsr, mmx, sse, sse2, sse3, ssse3, sse4.1, sse4.2, popcnt, avx, aes, clmul, erms, ht, tsc, tscinvbit, tscinv

Memory: 4k page, physical 4085928k(684176k free), swap 7754188k(6684k free)

vm_info: Java HotSpot(TM) 64-Bit Server VM (25.66-b17) for windows-amd64 JRE (1.8.0_66-b17), built on Oct  6 2015 18:55:33 by "java_re" with MS VC++ 10.0 (VS2010)

time: Thu Mar 17 14:09:27 2016
elapsed time: 3 seconds (0d 0h 0m 3s)

